Drill report for C:/Users/ACER/Documents/GitHub/Bio_MicroMain_PCB-1/Proyecto_Bioimpedancia.kicad_pcb
Created on 05/10/2017 12:25:03

Copper Layer Stackup:
    =============================================================
    L1 :  F.Cu                      front
    L2 :  B.Cu                      back


Drill file 'C:Proyecto_Bioimpedancia.drl' contains
    plated through holes:
    =============================================================
    T1  0,40mm  0,016"  (258 holes)
    T2  0,50mm  0,020"  (78 holes)
    T3  0,80mm  0,031"  (306 holes)
    T4  1,00mm  0,039"  (46 holes)
    T5  1,10mm  0,043"  (4 holes)
    T6  1,20mm  0,047"  (4 holes)
    T7  1,50mm  0,059"  (2 holes)
    T8  1,70mm  0,067"  (8 holes)
    T9  1,80mm  0,071"  (11 holes)
    T10  3,20mm  0,126"  (4 holes)

    Total plated holes count 721


Drill file 'C:Proyecto_Bioimpedancia-NPTH.drl' contains
    unplated through holes:
    =============================================================

    Total unplated holes count 0
